Using pre-set license
Built from '2022.3/staging' branch; Version is '2022.3.58f1 (ed7f6eacb62e) revision 15564654'; Using compiler version '192829333'; Build Type 'Release'
OS: 'Windows 11  (10.0.26100) 64bit Professional' Language: 'ja' Physical Memory: 16069 MB
BatchMode: 1, IsHumanControllingUs: 0, StartBugReporterOnCrash: 0, Is64bit: 1, IsPro: 1

COMMAND LINE ARGUMENTS:
C:\Program Files\Unity\Hub\Editor\2022.3.58f1\Editor\Unity.exe
-adb2
-batchMode
-noUpm
-name
AssetImportWorker2
-projectPath
C:/Users/tnina/Documents/GitHub/2025kamige/kamige/Plane
-logFile
Logs/AssetImportWorker2.log
-srvPort
49725
Successfully changed project path to: C:/Users/tnina/Documents/GitHub/2025kamige/kamige/Plane
C:/Users/tnina/Documents/GitHub/2025kamige/kamige/Plane
[UnityMemory] Configuration Parameters - Can be set up in boot.config
    "memorysetup-bucket-allocator-granularity=16"
    "memorysetup-bucket-allocator-bucket-count=8"
    "memorysetup-bucket-allocator-block-size=33554432"
    "memorysetup-bucket-allocator-block-count=8"
    "memorysetup-main-allocator-block-size=16777216"
    "memorysetup-thread-allocator-block-size=16777216"
    "memorysetup-gfx-main-allocator-block-size=16777216"
    "memorysetup-gfx-thread-allocator-block-size=16777216"
    "memorysetup-cache-allocator-block-size=4194304"
    "memorysetup-typetree-allocator-block-size=2097152"
    "memorysetup-profiler-bucket-allocator-granularity=16"
    "memorysetup-profiler-bucket-allocator-bucket-count=8"
    "memorysetup-profiler-bucket-allocator-block-size=33554432"
    "memorysetup-profiler-bucket-allocator-block-count=8"
    "memorysetup-profiler-allocator-block-size=16777216"
    "memorysetup-profiler-editor-allocator-block-size=1048576"
    "memorysetup-temp-allocator-size-main=16777216"
    "memorysetup-job-temp-allocator-block-size=2097152"
    "memorysetup-job-temp-allocator-block-size-background=1048576"
    "memorysetup-job-temp-allocator-reduction-small-platforms=262144"
    "memorysetup-allocator-temp-initial-block-size-main=262144"
    "memorysetup-allocator-temp-initial-block-size-worker=262144"
    "memorysetup-temp-allocator-size-background-worker=32768"
    "memorysetup-temp-allocator-size-job-worker=262144"
    "memorysetup-temp-allocator-size-preload-manager=33554432"
    "memorysetup-temp-allocator-size-nav-mesh-worker=65536"
    "memorysetup-temp-allocator-size-audio-worker=65536"
    "memorysetup-temp-allocator-size-cloud-worker=32768"
    "memorysetup-temp-allocator-size-gi-baking-worker=262144"
    "memorysetup-temp-allocator-size-gfx=262144"
Player connection [22836]  Target information:

Player connection [22836]  * "[IP] 192.168.40.83 [Port] 0 [Flags] 2 [Guid] 2989313290 [EditorId] 2989313290 [Version] 1048832 [Id] WindowsEditor(7,win11ohs30734) [Debug] 1 [PackageName] WindowsEditor [ProjectName] Editor" 

Player connection [22836] Host joined multi-casting on [225.0.0.222:54997]...
Player connection [22836] Host joined alternative multi-casting on [225.0.0.222:34997]...
Input System module state changed to: Initialized.
[PhysX] Initialized MultithreadedTaskDispatcher with 16 workers.
Refreshing native plugins compatible for Editor in 10.46 ms, found 4 plugins.
Preloading 0 native plugins for Editor in 0.00 ms.
Initialize engine version: 2022.3.58f1 (ed7f6eacb62e)
[Subsystems] Discovering subsystems at path C:/Program Files/Unity/Hub/Editor/2022.3.58f1/Editor/Data/Resources/UnitySubsystems
[Subsystems] Discovering subsystems at path C:/Users/tnina/Documents/GitHub/2025kamige/kamige/Plane/Assets
GfxDevice: creating device client; threaded=0; jobified=0
Direct3D:
    Version:  Direct3D 11.0 [level 11.1]
    Renderer: NVIDIA GeForce RTX 3050 Laptop GPU (ID=0x25a2)
    Vendor:   NVIDIA
    VRAM:     3965 MB
    Driver:   32.0.15.5599
Initialize mono
Mono path[0] = 'C:/Program Files/Unity/Hub/Editor/2022.3.58f1/Editor/Data/Managed'
Mono path[1] = 'C:/Program Files/Unity/Hub/Editor/2022.3.58f1/Editor/Data/MonoBleedingEdge/lib/mono/unityjit-win32'
Mono config path = 'C:/Program Files/Unity/Hub/Editor/2022.3.58f1/Editor/Data/MonoBleedingEdge/etc'
Using monoOptions --debugger-agent=transport=dt_socket,embedding=1,server=y,suspend=n,address=127.0.0.1:56096
Begin MonoManager ReloadAssembly
Registering precompiled unity dll's ...
Register platform support module: C:/Program Files/Unity/Hub/Editor/2022.3.58f1/Editor/Data/PlaybackEngines/AndroidPlayer/UnityEditor.Android.Extensions.dll
Register platform support module: C:/Program Files/Unity/Hub/Editor/2022.3.58f1/Editor/Data/PlaybackEngines/WindowsStandaloneSupport/UnityEditor.WindowsStandalone.Extensions.dll
Registered in 0.006591 seconds.
- Loaded All Assemblies, in  0.291 seconds
Native extension for WindowsStandalone target not found
Native extension for Android target not found
Android Extension - Scanning For ADB Devices 218 ms
Mono: successfully reloaded assembly
- Finished resetting the current domain, in  0.446 seconds
Domain Reload Profiling: 735ms
	BeginReloadAssembly (95ms)
		ExecutionOrderSort (0ms)
		DisableScriptedObjects (0ms)
		BackupInstance (0ms)
		ReleaseScriptingObjects (0ms)
		CreateAndSetChildDomain (1ms)
	RebuildCommonClasses (27ms)
	RebuildNativeTypeToScriptingClass (8ms)
	initialDomainReloadingComplete (46ms)
	LoadAllAssembliesAndSetupDomain (114ms)
		LoadAssemblies (93ms)
		RebuildTransferFunctionScriptingTraits (0ms)
		AnalyzeDomain (112ms)
			TypeCache.Refresh (111ms)
				TypeCache.ScanAssembly (99ms)
			ScanForSourceGeneratedMonoScriptInfo (0ms)
			ResolveRequiredComponents (0ms)
	FinalizeReload (446ms)
		ReleaseScriptCaches (0ms)
		RebuildScriptCaches (0ms)
		SetupLoadedEditorAssemblies (410ms)
			LogAssemblyErrors (0ms)
			InitializePlatformSupportModulesInManaged (276ms)
			SetLoadedEditorAssemblies (4ms)
			RefreshPlugins (0ms)
			BeforeProcessingInitializeOnLoad (2ms)
			ProcessInitializeOnLoadAttributes (95ms)
			ProcessInitializeOnLoadMethodAttributes (33ms)
			AfterProcessingInitializeOnLoad (0ms)
			EditorAssembliesLoaded (0ms)
		ExecutionOrderSort2 (0ms)
		AwakeInstancesAfterBackupRestoration (0ms)
========================================================================
Worker process is ready to serve import requests
Caller must complete domain reload
Begin MonoManager ReloadAssembly
- Loaded All Assemblies, in  0.560 seconds
Native extension for WindowsStandalone target not found
Native extension for Android target not found
Mono: successfully reloaded assembly
- Finished resetting the current domain, in  0.495 seconds
Domain Reload Profiling: 1052ms
	BeginReloadAssembly (117ms)
		ExecutionOrderSort (0ms)
		DisableScriptedObjects (4ms)
		BackupInstance (0ms)
		ReleaseScriptingObjects (0ms)
		CreateAndSetChildDomain (17ms)
	RebuildCommonClasses (25ms)
	RebuildNativeTypeToScriptingClass (8ms)
	initialDomainReloadingComplete (33ms)
	LoadAllAssembliesAndSetupDomain (374ms)
		LoadAssemblies (269ms)
		RebuildTransferFunctionScriptingTraits (0ms)
		AnalyzeDomain (174ms)
			TypeCache.Refresh (153ms)
				TypeCache.ScanAssembly (139ms)
			ScanForSourceGeneratedMonoScriptInfo (16ms)
			ResolveRequiredComponents (4ms)
	FinalizeReload (495ms)
		ReleaseScriptCaches (0ms)
		RebuildScriptCaches (0ms)
		SetupLoadedEditorAssemblies (379ms)
			LogAssemblyErrors (0ms)
			InitializePlatformSupportModulesInManaged (14ms)
			SetLoadedEditorAssemblies (3ms)
			RefreshPlugins (0ms)
			BeforeProcessingInitializeOnLoad (54ms)
			ProcessInitializeOnLoadAttributes (273ms)
			ProcessInitializeOnLoadMethodAttributes (29ms)
			AfterProcessingInitializeOnLoad (6ms)
			EditorAssembliesLoaded (0ms)
		ExecutionOrderSort2 (0ms)
		AwakeInstancesAfterBackupRestoration (6ms)
Launched and connected shader compiler UnityShaderCompiler.exe after 0.04 seconds
Refreshing native plugins compatible for Editor in 4.52 ms, found 4 plugins.
Preloading 0 native plugins for Editor in 0.00 ms.
Unloading 3987 Unused Serialized files (Serialized files now loaded: 0)
Unloading 32 unused Assets / (57.5 KB). Loaded Objects now: 4459.
Memory consumption went from 143.6 MB to 143.6 MB.
Total: 4.127300 ms (FindLiveObjects: 0.324300 ms CreateObjectMapping: 0.167600 ms MarkObjects: 3.537100 ms  DeleteObjects: 0.097600 ms)

AssetImportParameters requested are different than current active one (requested -> active):
  custom:container-demuxer-ogg: 62fdf1f143b41e24485cea50d1cbac27 -> 
  custom:video-codec-MediaFoundation-h265: 746d11721c4dcdbdad8f713fa42b33f4 -> 
  custom:video-decoder-ogg-theora: a1e56fd34408186e4bbccfd4996cb3dc -> 
  custom:framework-win-MediaFoundation: 216162199b28c13a410421893ffa2e32 -> 
  custom:CustomObjectIndexerAttribute: 9a22284fe3817be447336de3de66b15e -> 
  custom:container-demuxer-webm: 4f35f7cbe854078d1ac9338744f61a02 -> 
  custom:container-muxer-webm: aa71ff27fc2769a1b78a27578f13a17b -> 
  custom:video-decoder-webm-vp8: 9c59270c3fd7afecdb556c50c9e8de78 -> 
  custom:SearchIndexIgnoredProperties: e643bd26f0fe6173181afceb89e7c659 -> 
  custom:AudioImporter_EditorPlatform: d09bf68614088b80899f8185d706f6e7 -> 
  custom:video-encoder-webm-vp8: eb34c28f22e8b96e1ab97ce403110664 -> 
  custom:audio-decoder-ogg-vorbis: bf7c407c2cedff20999df2af8eb42d56 -> 
  custom:audio-encoder-webm-vorbis: bf7c407c2cedff20999df2af8eb42d56 -> 
========================================================================
Received Import Request.
  Time since last request: 751879.623405 seconds.
  path: Assets/assetsfolder/Obect/タイトルなし.png
  artifactKey: Guid(60c0d7f94d5f3ba4ab4f4bb7b7a0f03d) Importer(815301076,1909f56bfc062723c751e8b465ee728b)
Start importing Assets/assetsfolder/Obect/タイトルなし.png using Guid(60c0d7f94d5f3ba4ab4f4bb7b7a0f03d) Importer(815301076,1909f56bfc062723c751e8b465ee728b) [PhysX] Initialized MultithreadedTaskDispatcher with 16 workers.
[PhysX] Initialized MultithreadedTaskDispatcher with 16 workers.
 -> (artifact id: '824273b0e51c87a77ef5008acf1c8545') in 0.089853 seconds
Number of updated asset objects reloaded before import = 0
Number of asset objects unloaded after import = 3
========================================================================
Received Import Request.
  Time since last request: 276.547129 seconds.
  path: Assets/assetsfolder/Obect/草ブロック.png
  artifactKey: Guid(57b84c78e51c65b4a9e497dc9e6b4beb) Importer(815301076,1909f56bfc062723c751e8b465ee728b)
Start importing Assets/assetsfolder/Obect/草ブロック.png using Guid(57b84c78e51c65b4a9e497dc9e6b4beb) Importer(815301076,1909f56bfc062723c751e8b465ee728b) [PhysX] Initialized MultithreadedTaskDispatcher with 16 workers.
[PhysX] Initialized MultithreadedTaskDispatcher with 16 workers.
 -> (artifact id: '84e8e998c4d350188890d4b62f0da575') in 0.019300 seconds
Number of updated asset objects reloaded before import = 0
Number of asset objects unloaded after import = 2
========================================================================
Received Import Request.
  Time since last request: 381.278962 seconds.
  path: Assets/assetsfolder/Obect/草ブロック.png
  artifactKey: Guid(57b84c78e51c65b4a9e497dc9e6b4beb) Importer(815301076,1909f56bfc062723c751e8b465ee728b)
Start importing Assets/assetsfolder/Obect/草ブロック.png using Guid(57b84c78e51c65b4a9e497dc9e6b4beb) Importer(815301076,1909f56bfc062723c751e8b465ee728b) [PhysX] Initialized MultithreadedTaskDispatcher with 16 workers.
[PhysX] Initialized MultithreadedTaskDispatcher with 16 workers.
 -> (artifact id: '345d5e006de02070bac95318ce9423bd') in 0.025425 seconds
Number of updated asset objects reloaded before import = 0
Number of asset objects unloaded after import = 3
========================================================================
Received Import Request.
  Time since last request: 164.478379 seconds.
  path: Assets/assetsfolder/Obect/草ブロック.png
  artifactKey: Guid(57b84c78e51c65b4a9e497dc9e6b4beb) Importer(815301076,1909f56bfc062723c751e8b465ee728b)
Start importing Assets/assetsfolder/Obect/草ブロック.png using Guid(57b84c78e51c65b4a9e497dc9e6b4beb) Importer(815301076,1909f56bfc062723c751e8b465ee728b) [PhysX] Initialized MultithreadedTaskDispatcher with 16 workers.
[PhysX] Initialized MultithreadedTaskDispatcher with 16 workers.
 -> (artifact id: 'c9313e02b9061a82a82f55d3b332d1d4') in 0.026385 seconds
Number of updated asset objects reloaded before import = 0
Number of asset objects unloaded after import = 3
========================================================================
Received Import Request.
  Time since last request: 15.866968 seconds.
  path: Assets/assetsfolder/Obect/草ブロック.png
  artifactKey: Guid(57b84c78e51c65b4a9e497dc9e6b4beb) Importer(815301076,1909f56bfc062723c751e8b465ee728b)
Start importing Assets/assetsfolder/Obect/草ブロック.png using Guid(57b84c78e51c65b4a9e497dc9e6b4beb) Importer(815301076,1909f56bfc062723c751e8b465ee728b) [PhysX] Initialized MultithreadedTaskDispatcher with 16 workers.
[PhysX] Initialized MultithreadedTaskDispatcher with 16 workers.
 -> (artifact id: '283708b3b9b873247a8730fdfab1ba9d') in 0.023755 seconds
Number of updated asset objects reloaded before import = 0
Number of asset objects unloaded after import = 3
========================================================================
Received Import Request.
  Time since last request: 20.143349 seconds.
  path: Assets/assetsfolder/Obect/草ブロック.png
  artifactKey: Guid(57b84c78e51c65b4a9e497dc9e6b4beb) Importer(815301076,1909f56bfc062723c751e8b465ee728b)
Start importing Assets/assetsfolder/Obect/草ブロック.png using Guid(57b84c78e51c65b4a9e497dc9e6b4beb) Importer(815301076,1909f56bfc062723c751e8b465ee728b) [PhysX] Initialized MultithreadedTaskDispatcher with 16 workers.
[PhysX] Initialized MultithreadedTaskDispatcher with 16 workers.
 -> (artifact id: 'fec6f2fffd9e8e6e42df41520bde6dcc') in 0.022082 seconds
Number of updated asset objects reloaded before import = 0
Number of asset objects unloaded after import = 3
========================================================================
Received Import Request.
  Time since last request: 26.663585 seconds.
  path: Assets/assetsfolder/Obect/草ブロック.png
  artifactKey: Guid(57b84c78e51c65b4a9e497dc9e6b4beb) Importer(815301076,1909f56bfc062723c751e8b465ee728b)
Start importing Assets/assetsfolder/Obect/草ブロック.png using Guid(57b84c78e51c65b4a9e497dc9e6b4beb) Importer(815301076,1909f56bfc062723c751e8b465ee728b) [PhysX] Initialized MultithreadedTaskDispatcher with 16 workers.
[PhysX] Initialized MultithreadedTaskDispatcher with 16 workers.
 -> (artifact id: 'df490d0ae16ea1e54bce6e8246cfe763') in 0.021512 seconds
Number of updated asset objects reloaded before import = 0
Number of asset objects unloaded after import = 3
========================================================================
Received Import Request.
  Time since last request: 14.525713 seconds.
  path: Assets/assetsfolder/Obect/つた.png
  artifactKey: Guid(1d494534dff645d4bac54b26bf4b7ed3) Importer(815301076,1909f56bfc062723c751e8b465ee728b)
Start importing Assets/assetsfolder/Obect/つた.png using Guid(1d494534dff645d4bac54b26bf4b7ed3) Importer(815301076,1909f56bfc062723c751e8b465ee728b) [PhysX] Initialized MultithreadedTaskDispatcher with 16 workers.
[PhysX] Initialized MultithreadedTaskDispatcher with 16 workers.
 -> (artifact id: 'c37ebbccb8661f3214e80dd9d08d9ab0') in 0.021514 seconds
Number of updated asset objects reloaded before import = 0
Number of asset objects unloaded after import = 3
========================================================================
Received Import Request.
  Time since last request: 6.581092 seconds.
  path: Assets/assetsfolder/Obect/つた.png
  artifactKey: Guid(1d494534dff645d4bac54b26bf4b7ed3) Importer(815301076,1909f56bfc062723c751e8b465ee728b)
Start importing Assets/assetsfolder/Obect/つた.png using Guid(1d494534dff645d4bac54b26bf4b7ed3) Importer(815301076,1909f56bfc062723c751e8b465ee728b) [PhysX] Initialized MultithreadedTaskDispatcher with 16 workers.
[PhysX] Initialized MultithreadedTaskDispatcher with 16 workers.
 -> (artifact id: '210f361c01489cdad66dad0e8176112a') in 0.019904 seconds
Number of updated asset objects reloaded before import = 0
Number of asset objects unloaded after import = 3
========================================================================
Received Import Request.
  Time since last request: 10.572389 seconds.
  path: Assets/assetsfolder/Obect/つた.png
  artifactKey: Guid(1d494534dff645d4bac54b26bf4b7ed3) Importer(815301076,1909f56bfc062723c751e8b465ee728b)
Start importing Assets/assetsfolder/Obect/つた.png using Guid(1d494534dff645d4bac54b26bf4b7ed3) Importer(815301076,1909f56bfc062723c751e8b465ee728b) [PhysX] Initialized MultithreadedTaskDispatcher with 16 workers.
[PhysX] Initialized MultithreadedTaskDispatcher with 16 workers.
 -> (artifact id: '634746b75e50b10227ba47b1d788a385') in 0.017377 seconds
Number of updated asset objects reloaded before import = 0
Number of asset objects unloaded after import = 3
========================================================================
Received Import Request.
  Time since last request: 78.684231 seconds.
  path: Assets/assetsfolder/Obect/つた.png
  artifactKey: Guid(1d494534dff645d4bac54b26bf4b7ed3) Importer(815301076,1909f56bfc062723c751e8b465ee728b)
Start importing Assets/assetsfolder/Obect/つた.png using Guid(1d494534dff645d4bac54b26bf4b7ed3) Importer(815301076,1909f56bfc062723c751e8b465ee728b) [PhysX] Initialized MultithreadedTaskDispatcher with 16 workers.
[PhysX] Initialized MultithreadedTaskDispatcher with 16 workers.
 -> (artifact id: '4bc76f84c7927223e0343c3a106b4a73') in 0.020226 seconds
Number of updated asset objects reloaded before import = 0
Number of asset objects unloaded after import = 3
========================================================================
Received Import Request.
  Time since last request: 6.994375 seconds.
  path: Assets/assetsfolder/Obect/つた.png
  artifactKey: Guid(1d494534dff645d4bac54b26bf4b7ed3) Importer(815301076,1909f56bfc062723c751e8b465ee728b)
Start importing Assets/assetsfolder/Obect/つた.png using Guid(1d494534dff645d4bac54b26bf4b7ed3) Importer(815301076,1909f56bfc062723c751e8b465ee728b) [PhysX] Initialized MultithreadedTaskDispatcher with 16 workers.
[PhysX] Initialized MultithreadedTaskDispatcher with 16 workers.
 -> (artifact id: '90b32b8e771f02830def1fa470695ffb') in 0.019518 seconds
Number of updated asset objects reloaded before import = 0
Number of asset objects unloaded after import = 3
========================================================================
Received Import Request.
  Time since last request: 24.807910 seconds.
  path: Assets/assetsfolder/Obect/ゴール.png
  artifactKey: Guid(fc68756e111dc0c47bf295ba90fc89c0) Importer(815301076,1909f56bfc062723c751e8b465ee728b)
Start importing Assets/assetsfolder/Obect/ゴール.png using Guid(fc68756e111dc0c47bf295ba90fc89c0) Importer(815301076,1909f56bfc062723c751e8b465ee728b) [PhysX] Initialized MultithreadedTaskDispatcher with 16 workers.
[PhysX] Initialized MultithreadedTaskDispatcher with 16 workers.
 -> (artifact id: 'a270a10491b1b8889c613060fa854799') in 0.021143 seconds
Number of updated asset objects reloaded before import = 0
Number of asset objects unloaded after import = 3
========================================================================
Received Import Request.
  Time since last request: 25.756906 seconds.
  path: Assets/assetsfolder/Obect/husenn.yellow.long.png
  artifactKey: Guid(d22287644bc4ebe4e90946dd20ca4679) Importer(815301076,1909f56bfc062723c751e8b465ee728b)
Start importing Assets/assetsfolder/Obect/husenn.yellow.long.png using Guid(d22287644bc4ebe4e90946dd20ca4679) Importer(815301076,1909f56bfc062723c751e8b465ee728b) [PhysX] Initialized MultithreadedTaskDispatcher with 16 workers.
[PhysX] Initialized MultithreadedTaskDispatcher with 16 workers.
 -> (artifact id: 'ecba78148eb74e66dee0af1643e5ff6f') in 0.027058 seconds
Number of updated asset objects reloaded before import = 0
Number of asset objects unloaded after import = 3
========================================================================
Received Import Request.
  Time since last request: 2.924212 seconds.
  path: Assets/assetsfolder/Obect/ふせん２ (1).png
  artifactKey: Guid(e6f03984fc2d8bb4a9817d5a3bc5c4ec) Importer(815301076,1909f56bfc062723c751e8b465ee728b)
Start importing Assets/assetsfolder/Obect/ふせん２ (1).png using Guid(e6f03984fc2d8bb4a9817d5a3bc5c4ec) Importer(815301076,1909f56bfc062723c751e8b465ee728b) [PhysX] Initialized MultithreadedTaskDispatcher with 16 workers.
[PhysX] Initialized MultithreadedTaskDispatcher with 16 workers.
 -> (artifact id: '712f47f7f32f752a31c29b760d87d011') in 0.026165 seconds
Number of updated asset objects reloaded before import = 0
Number of asset objects unloaded after import = 3
========================================================================
Received Import Request.
  Time since last request: 2.250407 seconds.
  path: Assets/assetsfolder/Obect/ふせん２.png
  artifactKey: Guid(afc74c7597f31014894357c6b711c84d) Importer(815301076,1909f56bfc062723c751e8b465ee728b)
Start importing Assets/assetsfolder/Obect/ふせん２.png using Guid(afc74c7597f31014894357c6b711c84d) Importer(815301076,1909f56bfc062723c751e8b465ee728b) [PhysX] Initialized MultithreadedTaskDispatcher with 16 workers.
[PhysX] Initialized MultithreadedTaskDispatcher with 16 workers.
 -> (artifact id: 'e575280ccdcd118914eaca9fe88e1a14') in 0.025983 seconds
Number of updated asset objects reloaded before import = 0
Number of asset objects unloaded after import = 3
========================================================================
Received Import Request.
  Time since last request: 11.986291 seconds.
  path: Assets/assetsfolder/Obect/ふせん２.png
  artifactKey: Guid(afc74c7597f31014894357c6b711c84d) Importer(815301076,1909f56bfc062723c751e8b465ee728b)
Start importing Assets/assetsfolder/Obect/ふせん２.png using Guid(afc74c7597f31014894357c6b711c84d) Importer(815301076,1909f56bfc062723c751e8b465ee728b) [PhysX] Initialized MultithreadedTaskDispatcher with 16 workers.
[PhysX] Initialized MultithreadedTaskDispatcher with 16 workers.
 -> (artifact id: 'e28260327f0000ad5953aaf86dc91264') in 0.018673 seconds
Number of updated asset objects reloaded before import = 0
Number of asset objects unloaded after import = 3
========================================================================
Received Import Request.
  Time since last request: 8.840022 seconds.
  path: Assets/assetsfolder/Obect/ふせん２.png
  artifactKey: Guid(afc74c7597f31014894357c6b711c84d) Importer(815301076,1909f56bfc062723c751e8b465ee728b)
Start importing Assets/assetsfolder/Obect/ふせん２.png using Guid(afc74c7597f31014894357c6b711c84d) Importer(815301076,1909f56bfc062723c751e8b465ee728b) [PhysX] Initialized MultithreadedTaskDispatcher with 16 workers.
[PhysX] Initialized MultithreadedTaskDispatcher with 16 workers.
 -> (artifact id: '6bf4c8acf6a990f441438ece5c79f84b') in 0.020329 seconds
Number of updated asset objects reloaded before import = 0
Number of asset objects unloaded after import = 3
========================================================================
Received Import Request.
  Time since last request: 7.906223 seconds.
  path: Assets/assetsfolder/Obect/ふせん２.png
  artifactKey: Guid(afc74c7597f31014894357c6b711c84d) Importer(815301076,1909f56bfc062723c751e8b465ee728b)
Start importing Assets/assetsfolder/Obect/ふせん２.png using Guid(afc74c7597f31014894357c6b711c84d) Importer(815301076,1909f56bfc062723c751e8b465ee728b) [PhysX] Initialized MultithreadedTaskDispatcher with 16 workers.
[PhysX] Initialized MultithreadedTaskDispatcher with 16 workers.
 -> (artifact id: '01c81c429e297eb89c62c7085a94f0dc') in 0.021073 seconds
Number of updated asset objects reloaded before import = 0
Number of asset objects unloaded after import = 3
========================================================================
Received Import Request.
  Time since last request: 60.273532 seconds.
  path: Assets/assetsfolder/Obect/つた.png
  artifactKey: Guid(1d494534dff645d4bac54b26bf4b7ed3) Importer(815301076,1909f56bfc062723c751e8b465ee728b)
Start importing Assets/assetsfolder/Obect/つた.png using Guid(1d494534dff645d4bac54b26bf4b7ed3) Importer(815301076,1909f56bfc062723c751e8b465ee728b) [PhysX] Initialized MultithreadedTaskDispatcher with 16 workers.
[PhysX] Initialized MultithreadedTaskDispatcher with 16 workers.
 -> (artifact id: '872f1a892a2d6fb34371c5b29c04de05') in 0.019644 seconds
Number of updated asset objects reloaded before import = 0
Number of asset objects unloaded after import = 3
========================================================================
Received Import Request.
  Time since last request: 12.768553 seconds.
  path: Assets/assetsfolder/Obect/つた.png
  artifactKey: Guid(1d494534dff645d4bac54b26bf4b7ed3) Importer(815301076,1909f56bfc062723c751e8b465ee728b)
Start importing Assets/assetsfolder/Obect/つた.png using Guid(1d494534dff645d4bac54b26bf4b7ed3) Importer(815301076,1909f56bfc062723c751e8b465ee728b) [PhysX] Initialized MultithreadedTaskDispatcher with 16 workers.
[PhysX] Initialized MultithreadedTaskDispatcher with 16 workers.
 -> (artifact id: '7c7d1e390b31ee1d045389d5c5ee82cb') in 0.019679 seconds
Number of updated asset objects reloaded before import = 0
Number of asset objects unloaded after import = 3
========================================================================
Received Import Request.
  Time since last request: 11.003236 seconds.
  path: Assets/assetsfolder/Obect/つた.png
  artifactKey: Guid(1d494534dff645d4bac54b26bf4b7ed3) Importer(815301076,1909f56bfc062723c751e8b465ee728b)
Start importing Assets/assetsfolder/Obect/つた.png using Guid(1d494534dff645d4bac54b26bf4b7ed3) Importer(815301076,1909f56bfc062723c751e8b465ee728b) [PhysX] Initialized MultithreadedTaskDispatcher with 16 workers.
[PhysX] Initialized MultithreadedTaskDispatcher with 16 workers.
 -> (artifact id: 'f8f969eccd03165c73edf8cb0cad2a75') in 0.019131 seconds
Number of updated asset objects reloaded before import = 0
Number of asset objects unloaded after import = 3
========================================================================
Received Import Request.
  Time since last request: 72.457827 seconds.
  path: Assets/assetsfolder/Obect/leaf.prefab
  artifactKey: Guid(85323d2c8fe081a44a3df9a67417cadd) Importer(815301076,1909f56bfc062723c751e8b465ee728b)
Start importing Assets/assetsfolder/Obect/leaf.prefab using Guid(85323d2c8fe081a44a3df9a67417cadd) Importer(815301076,1909f56bfc062723c751e8b465ee728b) [PhysX] Initialized MultithreadedTaskDispatcher with 16 workers.
[PhysX] Initialized MultithreadedTaskDispatcher with 16 workers.
 -> (artifact id: '02b282062c6e6b15192ba32f47522218') in 0.052028 seconds
Number of updated asset objects reloaded before import = 0
Number of asset objects unloaded after import = 8
========================================================================
Received Import Request.
  Time since last request: 27.511111 seconds.
  path: Assets/assetsfolder/Obect/leaf.prefab
  artifactKey: Guid(85323d2c8fe081a44a3df9a67417cadd) Importer(815301076,1909f56bfc062723c751e8b465ee728b)
Start importing Assets/assetsfolder/Obect/leaf.prefab using Guid(85323d2c8fe081a44a3df9a67417cadd) Importer(815301076,1909f56bfc062723c751e8b465ee728b) [PhysX] Initialized MultithreadedTaskDispatcher with 16 workers.
[PhysX] Initialized MultithreadedTaskDispatcher with 16 workers.
 -> (artifact id: 'c732e716b12d10dabde48eb86ace0d06') in 0.020301 seconds
Number of updated asset objects reloaded before import = 0
Number of asset objects unloaded after import = 8
========================================================================
Received Import Request.
  Time since last request: 50.385210 seconds.
  path: Assets/assetsfolder/Obect/husenn.yellow.long.png
  artifactKey: Guid(d22287644bc4ebe4e90946dd20ca4679) Importer(815301076,1909f56bfc062723c751e8b465ee728b)
Start importing Assets/assetsfolder/Obect/husenn.yellow.long.png using Guid(d22287644bc4ebe4e90946dd20ca4679) Importer(815301076,1909f56bfc062723c751e8b465ee728b) [PhysX] Initialized MultithreadedTaskDispatcher with 16 workers.
[PhysX] Initialized MultithreadedTaskDispatcher with 16 workers.
 -> (artifact id: 'c34177e95a9f9ed4570c712b5e2adc3d') in 0.023141 seconds
Number of updated asset objects reloaded before import = 0
Number of asset objects unloaded after import = 3
========================================================================
Received Import Request.
  Time since last request: 13.956728 seconds.
  path: Assets/assetsfolder/Obect/husenn.yellow.long.png
  artifactKey: Guid(d22287644bc4ebe4e90946dd20ca4679) Importer(815301076,1909f56bfc062723c751e8b465ee728b)
Start importing Assets/assetsfolder/Obect/husenn.yellow.long.png using Guid(d22287644bc4ebe4e90946dd20ca4679) Importer(815301076,1909f56bfc062723c751e8b465ee728b) [PhysX] Initialized MultithreadedTaskDispatcher with 16 workers.
[PhysX] Initialized MultithreadedTaskDispatcher with 16 workers.
 -> (artifact id: 'd21caa1ebf5b9d26f0851ab1f5570c3e') in 0.025566 seconds
Number of updated asset objects reloaded before import = 0
Number of asset objects unloaded after import = 3
========================================================================
Received Import Request.
  Time since last request: 23.315468 seconds.
  path: Assets/assetsfolder/Obect/husenn.yellow.long.png
  artifactKey: Guid(d22287644bc4ebe4e90946dd20ca4679) Importer(815301076,1909f56bfc062723c751e8b465ee728b)
Start importing Assets/assetsfolder/Obect/husenn.yellow.long.png using Guid(d22287644bc4ebe4e90946dd20ca4679) Importer(815301076,1909f56bfc062723c751e8b465ee728b) [PhysX] Initialized MultithreadedTaskDispatcher with 16 workers.
[PhysX] Initialized MultithreadedTaskDispatcher with 16 workers.
 -> (artifact id: '3439a6e6978dda6e5f7429c02750a692') in 0.025422 seconds
Number of updated asset objects reloaded before import = 0
Number of asset objects unloaded after import = 3
========================================================================
Received Import Request.
  Time since last request: 747.513100 seconds.
  path: Assets/assetsfolder/Obect/ふせん２.png
  artifactKey: Guid(afc74c7597f31014894357c6b711c84d) Importer(815301076,1909f56bfc062723c751e8b465ee728b)
Start importing Assets/assetsfolder/Obect/ふせん２.png using Guid(afc74c7597f31014894357c6b711c84d) Importer(815301076,1909f56bfc062723c751e8b465ee728b) [PhysX] Initialized MultithreadedTaskDispatcher with 16 workers.
[PhysX] Initialized MultithreadedTaskDispatcher with 16 workers.
 -> (artifact id: '31afa4eb84741a5863ade4ff87e5d58e') in 0.028262 seconds
Number of updated asset objects reloaded before import = 0
Number of asset objects unloaded after import = 3
========================================================================
Received Import Request.
  Time since last request: 9.461425 seconds.
  path: Assets/assetsfolder/Obect/husenn.yellow.long.png
  artifactKey: Guid(d22287644bc4ebe4e90946dd20ca4679) Importer(815301076,1909f56bfc062723c751e8b465ee728b)
Start importing Assets/assetsfolder/Obect/husenn.yellow.long.png using Guid(d22287644bc4ebe4e90946dd20ca4679) Importer(815301076,1909f56bfc062723c751e8b465ee728b) [PhysX] Initialized MultithreadedTaskDispatcher with 16 workers.
[PhysX] Initialized MultithreadedTaskDispatcher with 16 workers.
 -> (artifact id: '61b3a37f2f2b17e7be72f930ca7380cf') in 0.025816 seconds
Number of updated asset objects reloaded before import = 0
Number of asset objects unloaded after import = 3
========================================================================
Received Import Request.
  Time since last request: 67.412637 seconds.
  path: Assets/assetsfolder/Obect/husenn.yellow.long.png
  artifactKey: Guid(d22287644bc4ebe4e90946dd20ca4679) Importer(815301076,1909f56bfc062723c751e8b465ee728b)
Start importing Assets/assetsfolder/Obect/husenn.yellow.long.png using Guid(d22287644bc4ebe4e90946dd20ca4679) Importer(815301076,1909f56bfc062723c751e8b465ee728b) [PhysX] Initialized MultithreadedTaskDispatcher with 16 workers.
[PhysX] Initialized MultithreadedTaskDispatcher with 16 workers.
 -> (artifact id: 'f0fc1f9f6ca29415f3cbee3f56e117d8') in 0.025820 seconds
Number of updated asset objects reloaded before import = 0
Number of asset objects unloaded after import = 3
========================================================================
Received Import Request.
  Time since last request: 53.914627 seconds.
  path: Assets/assetsfolder/Obect/husenn.yellow.long.png
  artifactKey: Guid(d22287644bc4ebe4e90946dd20ca4679) Importer(815301076,1909f56bfc062723c751e8b465ee728b)
Start importing Assets/assetsfolder/Obect/husenn.yellow.long.png using Guid(d22287644bc4ebe4e90946dd20ca4679) Importer(815301076,1909f56bfc062723c751e8b465ee728b) [PhysX] Initialized MultithreadedTaskDispatcher with 16 workers.
[PhysX] Initialized MultithreadedTaskDispatcher with 16 workers.
 -> (artifact id: 'c7dc610bc356c1ed0fe1dce819d901b8') in 0.024603 seconds
Number of updated asset objects reloaded before import = 0
Number of asset objects unloaded after import = 2
========================================================================
Received Import Request.
  Time since last request: 60.557968 seconds.
  path: Assets/assetsfolder/Obect/husenn.yellow.long.png
  artifactKey: Guid(d22287644bc4ebe4e90946dd20ca4679) Importer(815301076,1909f56bfc062723c751e8b465ee728b)
Start importing Assets/assetsfolder/Obect/husenn.yellow.long.png using Guid(d22287644bc4ebe4e90946dd20ca4679) Importer(815301076,1909f56bfc062723c751e8b465ee728b) [PhysX] Initialized MultithreadedTaskDispatcher with 16 workers.
[PhysX] Initialized MultithreadedTaskDispatcher with 16 workers.
 -> (artifact id: 'ef4637b584aca9f23e6756e50b27bdc5') in 0.028634 seconds
Number of updated asset objects reloaded before import = 0
Number of asset objects unloaded after import = 3
========================================================================
Received Import Request.
  Time since last request: 435.932497 seconds.
  path: Assets/assetsfolder/Obect/husenn.yellow.long.png
  artifactKey: Guid(d22287644bc4ebe4e90946dd20ca4679) Importer(815301076,1909f56bfc062723c751e8b465ee728b)
Start importing Assets/assetsfolder/Obect/husenn.yellow.long.png using Guid(d22287644bc4ebe4e90946dd20ca4679) Importer(815301076,1909f56bfc062723c751e8b465ee728b) [PhysX] Initialized MultithreadedTaskDispatcher with 16 workers.
[PhysX] Initialized MultithreadedTaskDispatcher with 16 workers.
 -> (artifact id: '6d89dd2282198fd8c7d726ea279025d3') in 0.024360 seconds
Number of updated asset objects reloaded before import = 0
Number of asset objects unloaded after import = 2
========================================================================
Received Import Request.
  Time since last request: 56.933746 seconds.
  path: Assets/assetsfolder/Obect/husenn.yellow.long.png
  artifactKey: Guid(d22287644bc4ebe4e90946dd20ca4679) Importer(815301076,1909f56bfc062723c751e8b465ee728b)
Start importing Assets/assetsfolder/Obect/husenn.yellow.long.png using Guid(d22287644bc4ebe4e90946dd20ca4679) Importer(815301076,1909f56bfc062723c751e8b465ee728b) [PhysX] Initialized MultithreadedTaskDispatcher with 16 workers.
[PhysX] Initialized MultithreadedTaskDispatcher with 16 workers.
 -> (artifact id: '65b6d73a7a0c939e04be4b6e41322b3e') in 0.025713 seconds
Number of updated asset objects reloaded before import = 0
Number of asset objects unloaded after import = 3
========================================================================
Received Import Request.
  Time since last request: 12.400783 seconds.
  path: Assets/assetsfolder/Obect/husenn.yellow.long.png
  artifactKey: Guid(d22287644bc4ebe4e90946dd20ca4679) Importer(815301076,1909f56bfc062723c751e8b465ee728b)
Start importing Assets/assetsfolder/Obect/husenn.yellow.long.png using Guid(d22287644bc4ebe4e90946dd20ca4679) Importer(815301076,1909f56bfc062723c751e8b465ee728b) [PhysX] Initialized MultithreadedTaskDispatcher with 16 workers.
[PhysX] Initialized MultithreadedTaskDispatcher with 16 workers.
 -> (artifact id: '61717a53a2ac653dc1642bdbe87c0af8') in 0.014908 seconds
Number of updated asset objects reloaded before import = 0
Number of asset objects unloaded after import = 2
========================================================================
Received Import Request.
  Time since last request: 147.300263 seconds.
  path: Assets/assetsfolder/Obect/husenn.yellow.long.png
  artifactKey: Guid(d22287644bc4ebe4e90946dd20ca4679) Importer(815301076,1909f56bfc062723c751e8b465ee728b)
Start importing Assets/assetsfolder/Obect/husenn.yellow.long.png using Guid(d22287644bc4ebe4e90946dd20ca4679) Importer(815301076,1909f56bfc062723c751e8b465ee728b) [PhysX] Initialized MultithreadedTaskDispatcher with 16 workers.
[PhysX] Initialized MultithreadedTaskDispatcher with 16 workers.
 -> (artifact id: '9c7f0867f732e22a658d4c4a38cdb0e6') in 0.027221 seconds
Number of updated asset objects reloaded before import = 0
Number of asset objects unloaded after import = 3
========================================================================
Received Import Request.
  Time since last request: 226.353406 seconds.
  path: Assets/assetsfolder/Obect/ワープ.png
  artifactKey: Guid(034d751759eabb44e925e45cb505ba1f) Importer(815301076,1909f56bfc062723c751e8b465ee728b)
Start importing Assets/assetsfolder/Obect/ワープ.png using Guid(034d751759eabb44e925e45cb505ba1f) Importer(815301076,1909f56bfc062723c751e8b465ee728b) [PhysX] Initialized MultithreadedTaskDispatcher with 16 workers.
[PhysX] Initialized MultithreadedTaskDispatcher with 16 workers.
 -> (artifact id: 'f75fbb2c166a43d4a6c1600b3a9d55eb') in 0.023400 seconds
Number of updated asset objects reloaded before import = 0
Number of asset objects unloaded after import = 3
========================================================================
Received Import Request.
  Time since last request: 11.464972 seconds.
  path: Assets/assetsfolder/Obect/ワープ.png
  artifactKey: Guid(034d751759eabb44e925e45cb505ba1f) Importer(815301076,1909f56bfc062723c751e8b465ee728b)
Start importing Assets/assetsfolder/Obect/ワープ.png using Guid(034d751759eabb44e925e45cb505ba1f) Importer(815301076,1909f56bfc062723c751e8b465ee728b) [PhysX] Initialized MultithreadedTaskDispatcher with 16 workers.
[PhysX] Initialized MultithreadedTaskDispatcher with 16 workers.
 -> (artifact id: 'aed85adbcd1ba21a5f1cf7711c89f407') in 0.022394 seconds
Number of updated asset objects reloaded before import = 0
Number of asset objects unloaded after import = 3
========================================================================
Received Import Request.
  Time since last request: 7.799369 seconds.
  path: Assets/assetsfolder/Obect/ワープ.png
  artifactKey: Guid(034d751759eabb44e925e45cb505ba1f) Importer(815301076,1909f56bfc062723c751e8b465ee728b)
Start importing Assets/assetsfolder/Obect/ワープ.png using Guid(034d751759eabb44e925e45cb505ba1f) Importer(815301076,1909f56bfc062723c751e8b465ee728b) [PhysX] Initialized MultithreadedTaskDispatcher with 16 workers.
[PhysX] Initialized MultithreadedTaskDispatcher with 16 workers.
 -> (artifact id: 'f5d6a444c61940a01e752ba2e68703b4') in 0.018217 seconds
Number of updated asset objects reloaded before import = 0
Number of asset objects unloaded after import = 3
========================================================================
Received Import Request.
  Time since last request: 13.563032 seconds.
  path: Assets/assetsfolder/Obect/ワープ.png
  artifactKey: Guid(034d751759eabb44e925e45cb505ba1f) Importer(815301076,1909f56bfc062723c751e8b465ee728b)
Start importing Assets/assetsfolder/Obect/ワープ.png using Guid(034d751759eabb44e925e45cb505ba1f) Importer(815301076,1909f56bfc062723c751e8b465ee728b) [PhysX] Initialized MultithreadedTaskDispatcher with 16 workers.
[PhysX] Initialized MultithreadedTaskDispatcher with 16 workers.
 -> (artifact id: '651e0b7ecda5f9dc17249bf11a6a8e7e') in 0.021870 seconds
Number of updated asset objects reloaded before import = 0
Number of asset objects unloaded after import = 3
========================================================================
Received Import Request.
  Time since last request: 6.755074 seconds.
  path: Assets/assetsfolder/Obect/ワープ.png
  artifactKey: Guid(034d751759eabb44e925e45cb505ba1f) Importer(815301076,1909f56bfc062723c751e8b465ee728b)
Start importing Assets/assetsfolder/Obect/ワープ.png using Guid(034d751759eabb44e925e45cb505ba1f) Importer(815301076,1909f56bfc062723c751e8b465ee728b) [PhysX] Initialized MultithreadedTaskDispatcher with 16 workers.
[PhysX] Initialized MultithreadedTaskDispatcher with 16 workers.
 -> (artifact id: 'e778f36ba25427eed794e6d212067409') in 0.019823 seconds
Number of updated asset objects reloaded before import = 0
Number of asset objects unloaded after import = 3
========================================================================
Received Import Request.
  Time since last request: 37.728432 seconds.
  path: Assets/assetsfolder/Obect/スターコイン.png
  artifactKey: Guid(3dfc9d2c14cd5c84096c13fa1e6f9419) Importer(815301076,1909f56bfc062723c751e8b465ee728b)
Start importing Assets/assetsfolder/Obect/スターコイン.png using Guid(3dfc9d2c14cd5c84096c13fa1e6f9419) Importer(815301076,1909f56bfc062723c751e8b465ee728b) [PhysX] Initialized MultithreadedTaskDispatcher with 16 workers.
[PhysX] Initialized MultithreadedTaskDispatcher with 16 workers.
 -> (artifact id: '58390652f8a5f1524387a44485c4c542') in 0.020985 seconds
Number of updated asset objects reloaded before import = 0
Number of asset objects unloaded after import = 3
========================================================================
Received Import Request.
  Time since last request: 6.239213 seconds.
  path: Assets/assetsfolder/Obect/スターコイン.png
  artifactKey: Guid(3dfc9d2c14cd5c84096c13fa1e6f9419) Importer(815301076,1909f56bfc062723c751e8b465ee728b)
Start importing Assets/assetsfolder/Obect/スターコイン.png using Guid(3dfc9d2c14cd5c84096c13fa1e6f9419) Importer(815301076,1909f56bfc062723c751e8b465ee728b) [PhysX] Initialized MultithreadedTaskDispatcher with 16 workers.
[PhysX] Initialized MultithreadedTaskDispatcher with 16 workers.
 -> (artifact id: 'a4c102871cf33d3d7458c9813975870d') in 0.020637 seconds
Number of updated asset objects reloaded before import = 0
Number of asset objects unloaded after import = 3
========================================================================
Received Prepare
Caller must complete domain reload
Begin MonoManager ReloadAssembly
- Loaded All Assemblies, in  1.113 seconds
Native extension for WindowsStandalone target not found
Native extension for Android target not found
Mono: successfully reloaded assembly
- Finished resetting the current domain, in  0.653 seconds
Domain Reload Profiling: 1764ms
	BeginReloadAssembly (704ms)
		ExecutionOrderSort (0ms)
		DisableScriptedObjects (510ms)
		BackupInstance (0ms)
		ReleaseScriptingObjects (0ms)
		CreateAndSetChildDomain (69ms)
	RebuildCommonClasses (34ms)
	RebuildNativeTypeToScriptingClass (9ms)
	initialDomainReloadingComplete (34ms)
	LoadAllAssembliesAndSetupDomain (329ms)
		LoadAssemblies (402ms)
		RebuildTransferFunctionScriptingTraits (0ms)
		AnalyzeDomain (17ms)
			TypeCache.Refresh (9ms)
				TypeCache.ScanAssembly (0ms)
			ScanForSourceGeneratedMonoScriptInfo (0ms)
			ResolveRequiredComponents (6ms)
	FinalizeReload (653ms)
		ReleaseScriptCaches (0ms)
		RebuildScriptCaches (0ms)
		SetupLoadedEditorAssemblies (477ms)
			LogAssemblyErrors (0ms)
			InitializePlatformSupportModulesInManaged (18ms)
			SetLoadedEditorAssemblies (5ms)
			RefreshPlugins (0ms)
			BeforeProcessingInitializeOnLoad (74ms)
			ProcessInitializeOnLoadAttributes (335ms)
			ProcessInitializeOnLoadMethodAttributes (39ms)
			AfterProcessingInitializeOnLoad (6ms)
			EditorAssembliesLoaded (0ms)
		ExecutionOrderSort2 (0ms)
		AwakeInstancesAfterBackupRestoration (13ms)
Refreshing native plugins compatible for Editor in 5.88 ms, found 4 plugins.
Preloading 0 native plugins for Editor in 0.00 ms.
Unloading 3962 Unused Serialized files (Serialized files now loaded: 0)
Unloading 19 unused Assets / (31.2 KB). Loaded Objects now: 4480.
Memory consumption went from 142.7 MB to 142.6 MB.
Total: 3.953800 ms (FindLiveObjects: 0.320800 ms CreateObjectMapping: 0.121400 ms MarkObjects: 3.454600 ms  DeleteObjects: 0.055300 ms)

Prepare: number of updated asset objects reloaded= 0
AssetImportParameters requested are different than current active one (requested -> active):
  custom:container-demuxer-ogg: 62fdf1f143b41e24485cea50d1cbac27 -> 
  custom:video-codec-MediaFoundation-h265: 746d11721c4dcdbdad8f713fa42b33f4 -> 
  custom:video-decoder-ogg-theora: a1e56fd34408186e4bbccfd4996cb3dc -> 
  custom:framework-win-MediaFoundation: 216162199b28c13a410421893ffa2e32 -> 
  custom:CustomObjectIndexerAttribute: 9a22284fe3817be447336de3de66b15e -> 
  custom:container-demuxer-webm: 4f35f7cbe854078d1ac9338744f61a02 -> 
  custom:container-muxer-webm: aa71ff27fc2769a1b78a27578f13a17b -> 
  custom:video-decoder-webm-vp8: 9c59270c3fd7afecdb556c50c9e8de78 -> 
  custom:SearchIndexIgnoredProperties: e643bd26f0fe6173181afceb89e7c659 -> 
  custom:AudioImporter_EditorPlatform: d09bf68614088b80899f8185d706f6e7 -> 
  custom:video-encoder-webm-vp8: eb34c28f22e8b96e1ab97ce403110664 -> 
  custom:audio-decoder-ogg-vorbis: bf7c407c2cedff20999df2af8eb42d56 -> 
  custom:audio-encoder-webm-vorbis: bf7c407c2cedff20999df2af8eb42d56 -> 
========================================================================
Received Prepare
Caller must complete domain reload
Begin MonoManager ReloadAssembly
- Loaded All Assemblies, in  0.402 seconds
Native extension for WindowsStandalone target not found
Native extension for Android target not found
Mono: successfully reloaded assembly
- Finished resetting the current domain, in  0.985 seconds
Domain Reload Profiling: 1384ms
	BeginReloadAssembly (136ms)
		ExecutionOrderSort (0ms)
		DisableScriptedObjects (10ms)
		BackupInstance (0ms)
		ReleaseScriptingObjects (0ms)
		CreateAndSetChildDomain (30ms)
	RebuildCommonClasses (27ms)
	RebuildNativeTypeToScriptingClass (9ms)
	initialDomainReloadingComplete (26ms)
	LoadAllAssembliesAndSetupDomain (200ms)
		LoadAssemblies (256ms)
		RebuildTransferFunctionScriptingTraits (0ms)
		AnalyzeDomain (12ms)
			TypeCache.Refresh (6ms)
				TypeCache.ScanAssembly (0ms)
			ScanForSourceGeneratedMonoScriptInfo (0ms)
			ResolveRequiredComponents (5ms)
	FinalizeReload (986ms)
		ReleaseScriptCaches (0ms)
		RebuildScriptCaches (0ms)
		SetupLoadedEditorAssemblies (430ms)
			LogAssemblyErrors (0ms)
			InitializePlatformSupportModulesInManaged (18ms)
			SetLoadedEditorAssemblies (3ms)
			RefreshPlugins (0ms)
			BeforeProcessingInitializeOnLoad (66ms)
			ProcessInitializeOnLoadAttributes (308ms)
			ProcessInitializeOnLoadMethodAttributes (27ms)
			AfterProcessingInitializeOnLoad (7ms)
			EditorAssembliesLoaded (0ms)
		ExecutionOrderSort2 (0ms)
		AwakeInstancesAfterBackupRestoration (12ms)
Refreshing native plugins compatible for Editor in 5.85 ms, found 4 plugins.
Preloading 0 native plugins for Editor in 0.00 ms.
Unloading 3963 Unused Serialized files (Serialized files now loaded: 0)
Unloading 19 unused Assets / (31.1 KB). Loaded Objects now: 4484.
Memory consumption went from 142.9 MB to 142.9 MB.
Total: 3.041100 ms (FindLiveObjects: 0.282800 ms CreateObjectMapping: 0.105600 ms MarkObjects: 2.565100 ms  DeleteObjects: 0.086200 ms)

Prepare: number of updated asset objects reloaded= 0
AssetImportParameters requested are different than current active one (requested -> active):
  custom:container-demuxer-ogg: 62fdf1f143b41e24485cea50d1cbac27 -> 
  custom:video-codec-MediaFoundation-h265: 746d11721c4dcdbdad8f713fa42b33f4 -> 
  custom:video-decoder-ogg-theora: a1e56fd34408186e4bbccfd4996cb3dc -> 
  custom:framework-win-MediaFoundation: 216162199b28c13a410421893ffa2e32 -> 
  custom:CustomObjectIndexerAttribute: 9a22284fe3817be447336de3de66b15e -> 
  custom:container-demuxer-webm: 4f35f7cbe854078d1ac9338744f61a02 -> 
  custom:container-muxer-webm: aa71ff27fc2769a1b78a27578f13a17b -> 
  custom:video-decoder-webm-vp8: 9c59270c3fd7afecdb556c50c9e8de78 -> 
  custom:SearchIndexIgnoredProperties: e643bd26f0fe6173181afceb89e7c659 -> 
  custom:AudioImporter_EditorPlatform: d09bf68614088b80899f8185d706f6e7 -> 
  custom:video-encoder-webm-vp8: eb34c28f22e8b96e1ab97ce403110664 -> 
  custom:audio-decoder-ogg-vorbis: bf7c407c2cedff20999df2af8eb42d56 -> 
  custom:audio-encoder-webm-vorbis: bf7c407c2cedff20999df2af8eb42d56 -> 
========================================================================
Received Import Request.
  Time since last request: 199.310799 seconds.
  path: Assets/Scenes/Title.unity
  artifactKey: Guid(1518ba8b61d08c841a3d5d8dee2807da) Importer(815301076,1909f56bfc062723c751e8b465ee728b)
Start importing Assets/Scenes/Title.unity using Guid(1518ba8b61d08c841a3d5d8dee2807da) Importer(815301076,1909f56bfc062723c751e8b465ee728b) [PhysX] Initialized MultithreadedTaskDispatcher with 16 workers.
 -> (artifact id: '64ef1839b9778d28de1a789d5d24acec') in 0.005764 seconds
Number of updated asset objects reloaded before import = 0
Number of asset objects unloaded after import = 0
========================================================================
Received Prepare
Caller must complete domain reload
Begin MonoManager ReloadAssembly
- Loaded All Assemblies, in  0.388 seconds
Native extension for WindowsStandalone target not found
Native extension for Android target not found
Mono: successfully reloaded assembly
- Finished resetting the current domain, in  0.935 seconds
Domain Reload Profiling: 1320ms
	BeginReloadAssembly (133ms)
		ExecutionOrderSort (0ms)
		DisableScriptedObjects (10ms)
		BackupInstance (0ms)
		ReleaseScriptingObjects (0ms)
		CreateAndSetChildDomain (28ms)
	RebuildCommonClasses (26ms)
	RebuildNativeTypeToScriptingClass (8ms)
	initialDomainReloadingComplete (25ms)
	LoadAllAssembliesAndSetupDomain (193ms)
		LoadAssemblies (249ms)
		RebuildTransferFunctionScriptingTraits (0ms)
		AnalyzeDomain (12ms)
			TypeCache.Refresh (6ms)
				TypeCache.ScanAssembly (0ms)
			ScanForSourceGeneratedMonoScriptInfo (0ms)
			ResolveRequiredComponents (5ms)
	FinalizeReload (936ms)
		ReleaseScriptCaches (0ms)
		RebuildScriptCaches (0ms)
		SetupLoadedEditorAssemblies (405ms)
			LogAssemblyErrors (0ms)
			InitializePlatformSupportModulesInManaged (17ms)
			SetLoadedEditorAssemblies (3ms)
			RefreshPlugins (0ms)
			BeforeProcessingInitializeOnLoad (66ms)
			ProcessInitializeOnLoadAttributes (280ms)
			ProcessInitializeOnLoadMethodAttributes (32ms)
			AfterProcessingInitializeOnLoad (7ms)
			EditorAssembliesLoaded (0ms)
		ExecutionOrderSort2 (0ms)
		AwakeInstancesAfterBackupRestoration (12ms)
Refreshing native plugins compatible for Editor in 4.59 ms, found 4 plugins.
Preloading 0 native plugins for Editor in 0.00 ms.
Unloading 3962 Unused Serialized files (Serialized files now loaded: 0)
Unloading 19 unused Assets / (31.1 KB). Loaded Objects now: 4488.
Memory consumption went from 142.7 MB to 142.7 MB.
Total: 3.311200 ms (FindLiveObjects: 0.332100 ms CreateObjectMapping: 0.140800 ms MarkObjects: 2.752500 ms  DeleteObjects: 0.084400 ms)

Prepare: number of updated asset objects reloaded= 0
AssetImportParameters requested are different than current active one (requested -> active):
  custom:container-demuxer-ogg: 62fdf1f143b41e24485cea50d1cbac27 -> 
  custom:video-codec-MediaFoundation-h265: 746d11721c4dcdbdad8f713fa42b33f4 -> 
  custom:video-decoder-ogg-theora: a1e56fd34408186e4bbccfd4996cb3dc -> 
  custom:framework-win-MediaFoundation: 216162199b28c13a410421893ffa2e32 -> 
  custom:CustomObjectIndexerAttribute: 9a22284fe3817be447336de3de66b15e -> 
  custom:container-demuxer-webm: 4f35f7cbe854078d1ac9338744f61a02 -> 
  custom:container-muxer-webm: aa71ff27fc2769a1b78a27578f13a17b -> 
  custom:video-decoder-webm-vp8: 9c59270c3fd7afecdb556c50c9e8de78 -> 
  custom:SearchIndexIgnoredProperties: e643bd26f0fe6173181afceb89e7c659 -> 
  custom:AudioImporter_EditorPlatform: d09bf68614088b80899f8185d706f6e7 -> 
  custom:video-encoder-webm-vp8: eb34c28f22e8b96e1ab97ce403110664 -> 
  custom:audio-decoder-ogg-vorbis: bf7c407c2cedff20999df2af8eb42d56 -> 
  custom:audio-encoder-webm-vorbis: bf7c407c2cedff20999df2af8eb42d56 -> 
========================================================================
Received Import Request.
  Time since last request: 30.496642 seconds.
  path: Assets/Scenes/GameScene.unity
  artifactKey: Guid(2cda990e2423bbf4892e6590ba056729) Importer(815301076,1909f56bfc062723c751e8b465ee728b)
Start importing Assets/Scenes/GameScene.unity using Guid(2cda990e2423bbf4892e6590ba056729) Importer(815301076,1909f56bfc062723c751e8b465ee728b) [PhysX] Initialized MultithreadedTaskDispatcher with 16 workers.
 -> (artifact id: '0520f6515f623fe76d87503cb7a70252') in 0.002401 seconds
Number of updated asset objects reloaded before import = 0
Number of asset objects unloaded after import = 0
